[31m[1mWARNING: This is a development server. Do not use it in a production deployment. Use a production WSGI server instead.[0m
 * Running on all addresses (0.0.0.0)
 * Running on http://127.0.0.1:5000
 * Running on http://192.168.68.58:5000
[33mPress CTRL+C to quit[0m
[31m[1mWARNING: This is a development server. Do not use it in a production deployment. Use a production WSGI server instead.[0m
 * Running on all addresses (0.0.0.0)
 * Running on http://127.0.0.1:5000
 * Running on http://192.168.68.58:5000
[33mPress CTRL+C to quit[0m
127.0.0.1 - - [06/Apr/2026 22:48:55] "GET / HTTP/1.1" 200 -
[31m[1mWARNING: This is a development server. Do not use it in a production deployment. Use a production WSGI server instead.[0m
 * Running on all addresses (0.0.0.0)
 * Running on http://127.0.0.1:5000
 * Running on http://192.168.68.58:5000
[33mPress CTRL+C to quit[0m
127.0.0.1 - - [06/Apr/2026 22:51:59] "GET / HTTP/1.1" 200 -
127.0.0.1 - - [06/Apr/2026 22:51:59] "GET /api/health HTTP/1.1" 200 -
127.0.0.1 - - [06/Apr/2026 22:53:07] "GET / HTTP/1.1" 200 -
127.0.0.1 - - [06/Apr/2026 22:53:43] "[36mGET / HTTP/1.1[0m" 304 -
127.0.0.1 - - [06/Apr/2026 22:53:45] "GET /assets/index-dqcepgl5.css HTTP/1.1" 200 -
127.0.0.1 - - [06/Apr/2026 22:53:46] "GET /assets/index-CXnm9Nu7.js HTTP/1.1" 200 -
127.0.0.1 - - [06/Apr/2026 22:53:56] "POST /api/auth/verify-password HTTP/1.1" 200 -
127.0.0.1 - - [06/Apr/2026 22:53:57] "GET /api/dashboard HTTP/1.1" 200 -
127.0.0.1 - - [06/Apr/2026 22:53:57] "GET /api/profile HTTP/1.1" 200 -
127.0.0.1 - - [06/Apr/2026 22:53:57] "GET /api/activities HTTP/1.1" 200 -
127.0.0.1 - - [06/Apr/2026 22:53:58] "GET / HTTP/1.1" 200 -
127.0.0.1 - - [06/Apr/2026 22:54:03] "GET /api/settings/pipeline HTTP/1.1" 200 -
127.0.0.1 - - [06/Apr/2026 22:54:03] "GET /api/castings HTTP/1.1" 200 -
127.0.0.1 - - [06/Apr/2026 22:54:28] "GET /api/activities HTTP/1.1" 200 -
127.0.0.1 - - [06/Apr/2026 22:54:53] "GET /api/dashboard HTTP/1.1" 200 -
127.0.0.1 - - [06/Apr/2026 22:55:00] "GET /robots.txt HTTP/1.1" 200 -
127.0.0.1 - - [06/Apr/2026 22:55:00] "GET /api/profile HTTP/1.1" 200 -
127.0.0.1 - - [06/Apr/2026 22:55:29] "GET /api/castings HTTP/1.1" 200 -
127.0.0.1 - - [06/Apr/2026 23:02:41] "GET /api/settings/pipeline HTTP/1.1" 200 -
127.0.0.1 - - [06/Apr/2026 23:07:07] "GET /api/clients HTTP/1.1" 200 -
127.0.0.1 - - [06/Apr/2026 23:07:07] "GET /api/settings/client-tags HTTP/1.1" 200 -
127.0.0.1 - - [06/Apr/2026 23:07:23] "[35m[1mPOST /api/settings/client-tags HTTP/1.1[0m" 201 -
127.0.0.1 - - [06/Apr/2026 23:07:29] "[35m[1mPOST /api/settings/client-tags HTTP/1.1[0m" 201 -
127.0.0.1 - - [06/Apr/2026 23:08:01] "GET /api/settings/custom-fields HTTP/1.1" 200 -
127.0.0.1 - - [06/Apr/2026 23:08:05] "PUT /api/settings/custom-fields HTTP/1.1" 200 -
127.0.0.1 - - [06/Apr/2026 23:08:07] "PUT /api/settings/custom-fields HTTP/1.1" 200 -
127.0.0.1 - - [06/Apr/2026 23:08:09] "PUT /api/settings/custom-fields HTTP/1.1" 200 -
127.0.0.1 - - [06/Apr/2026 23:08:11] "GET /api/settings/roles HTTP/1.1" 200 -
127.0.0.1 - - [06/Apr/2026 23:08:26] "GET /api/clients HTTP/1.1" 200 -
127.0.0.1 - - [06/Apr/2026 23:08:55] "GET /api/settings/custom-fields HTTP/1.1" 200 -
127.0.0.1 - - [06/Apr/2026 23:08:56] "GET /api/settings/client-tags HTTP/1.1" 200 -
127.0.0.1 - - [06/Apr/2026 23:10:25] "GET /api/team HTTP/1.1" 200 -
127.0.0.1 - - [06/Apr/2026 23:10:25] "GET /api/activities?page=1&limit=20 HTTP/1.1" 200 -
127.0.0.1 - - [06/Apr/2026 23:10:28] "GET /api/settings/sources HTTP/1.1" 200 -
127.0.0.1 - - [06/Apr/2026 23:10:35] "GET /api/settings/task-stages HTTP/1.1" 200 -
127.0.0.1 - - [06/Apr/2026 23:10:35] "GET /api/tasks?team_member_id=2 HTTP/1.1" 200 -
127.0.0.1 - - [06/Apr/2026 23:11:45] "GET /api/team HTTP/1.1" 200 -
127.0.0.1 - - [06/Apr/2026 23:12:08] "GET /api/settings/task-stages HTTP/1.1" 200 -
127.0.0.1 - - [06/Apr/2026 23:17:24] "[36mGET / HTTP/1.1[0m" 304 -
127.0.0.1 - - [06/Apr/2026 23:17:25] "[36mGET /assets/index-dqcepgl5.css HTTP/1.1[0m" 304 -
127.0.0.1 - - [06/Apr/2026 23:17:25] "[36mGET /assets/index-CXnm9Nu7.js HTTP/1.1[0m" 304 -
127.0.0.1 - - [06/Apr/2026 23:17:31] "POST /api/auth/verify-password HTTP/1.1" 200 -
127.0.0.1 - - [06/Apr/2026 23:17:48] "GET /api/settings/sources HTTP/1.1" 200 -
127.0.0.1 - - [06/Apr/2026 23:18:10] "[35m[1mPOST /api/settings/client-tags HTTP/1.1[0m" 201 -
127.0.0.1 - - [06/Apr/2026 23:18:21] "[35m[1mPOST /api/settings/client-tags HTTP/1.1[0m" 201 -
127.0.0.1 - - [06/Apr/2026 23:18:34] "[35m[1mPOST /api/settings/client-tags HTTP/1.1[0m" 201 -
127.0.0.1 - - [06/Apr/2026 23:18:37] "GET /settings HTTP/1.1" 200 -
127.0.0.1 - - [06/Apr/2026 23:18:38] "[36mGET /assets/index-dqcepgl5.css HTTP/1.1[0m" 304 -
127.0.0.1 - - [06/Apr/2026 23:18:38] "[36mGET /assets/index-CXnm9Nu7.js HTTP/1.1[0m" 304 -
127.0.0.1 - - [06/Apr/2026 23:18:44] "[36mGET /settings HTTP/1.1[0m" 304 -
127.0.0.1 - - [06/Apr/2026 23:18:54] "[36mGET /settings HTTP/1.1[0m" 304 -
127.0.0.1 - - [06/Apr/2026 23:18:57] "[36mGET /settings HTTP/1.1[0m" 304 -
127.0.0.1 - - [06/Apr/2026 23:18:58] "[36mGET /assets/index-dqcepgl5.css HTTP/1.1[0m" 304 -
127.0.0.1 - - [06/Apr/2026 23:18:59] "[36mGET /assets/index-CXnm9Nu7.js HTTP/1.1[0m" 304 -
127.0.0.1 - - [06/Apr/2026 23:19:08] "GET /api/settings/email-templates HTTP/1.1" 200 -
127.0.0.1 - - [06/Apr/2026 23:19:10] "GET /api/settings/automation-rules HTTP/1.1" 200 -
127.0.0.1 - - [06/Apr/2026 23:19:14] "GET /api/settings/dashboard-modules HTTP/1.1" 200 -
127.0.0.1 - - [06/Apr/2026 23:19:56] "GET /settings HTTP/1.1" 200 -
127.0.0.1 - - [06/Apr/2026 23:20:15] "[35m[1mPOST /api/clients HTTP/1.1[0m" 201 -
127.0.0.1 - - [06/Apr/2026 23:20:18] "GET /clients HTTP/1.1" 200 -
127.0.0.1 - - [06/Apr/2026 23:20:20] "[36mGET /clients HTTP/1.1[0m" 304 -
127.0.0.1 - - [06/Apr/2026 23:20:23] "[36mGET /clients HTTP/1.1[0m" 304 -
127.0.0.1 - - [06/Apr/2026 23:20:29] "GET /api/settings/email-templates HTTP/1.1" 200 -
127.0.0.1 - - [06/Apr/2026 23:20:36] "GET /api/settings/dashboard-modules HTTP/1.1" 200 -
127.0.0.1 - - [06/Apr/2026 23:20:51] "GET /api/settings/automation-rules HTTP/1.1" 200 -
127.0.0.1 - - [06/Apr/2026 23:21:08] "GET /robots.txt HTTP/1.1" 200 -
127.0.0.1 - - [06/Apr/2026 23:21:26] "[36mGET /clients HTTP/1.1[0m" 304 -
127.0.0.1 - - [06/Apr/2026 23:23:32] "GET /api/dashboard HTTP/1.1" 200 -
Traceback (most recent call last):
  File "/Library/Developer/CommandLineTools/Library/Frameworks/Python3.framework/Versions/3.9/lib/python3.9/runpy.py", line 197, in _run_module_as_main
    return _run_code(code, main_globals, None,
  File "/Library/Developer/CommandLineTools/Library/Frameworks/Python3.framework/Versions/3.9/lib/python3.9/runpy.py", line 87, in _run_code
    exec(code, run_globals)
  File "/Users/aineshsikdar/Library/Python/3.9/lib/python/site-packages/flask/__main__.py", line 3, in <module>
    main()
  File "/Users/aineshsikdar/Library/Python/3.9/lib/python/site-packages/flask/cli.py", line 1131, in main
    cli.main()
  File "/Users/aineshsikdar/Library/Python/3.9/lib/python/site-packages/click/core.py", line 1082, in main
    rv = self.invoke(ctx)
  File "/Users/aineshsikdar/Library/Python/3.9/lib/python/site-packages/click/core.py", line 1697, in invoke
    return _process_result(sub_ctx.command.invoke(sub_ctx))
  File "/Users/aineshsikdar/Library/Python/3.9/lib/python/site-packages/click/core.py", line 1443, in invoke
    return ctx.invoke(self.callback, **ctx.params)
  File "/Users/aineshsikdar/Library/Python/3.9/lib/python/site-packages/click/core.py", line 788, in invoke
    return __callback(*args, **kwargs)
  File "/Users/aineshsikdar/Library/Python/3.9/lib/python/site-packages/click/decorators.py", line 92, in new_func
    return ctx.invoke(f, obj, *args, **kwargs)
  File "/Users/aineshsikdar/Library/Python/3.9/lib/python/site-packages/click/core.py", line 788, in invoke
    return __callback(*args, **kwargs)
  File "/Users/aineshsikdar/Library/Python/3.9/lib/python/site-packages/flask/cli.py", line 979, in run_command
    raise e from None
  File "/Users/aineshsikdar/Library/Python/3.9/lib/python/site-packages/flask/cli.py", line 963, in run_command
    app: WSGIApplication = info.load_app()  # pyright: ignore
  File "/Users/aineshsikdar/Library/Python/3.9/lib/python/site-packages/flask/cli.py", line 349, in load_app
    app = locate_app(import_name, name)
  File "/Users/aineshsikdar/Library/Python/3.9/lib/python/site-packages/flask/cli.py", line 245, in locate_app
    __import__(module_name)
  File "/Users/aineshsikdar/github-dashboards/toabh-casting-hub/api/index.py", line 12, in <module>
    from backend.app import app
  File "/Users/aineshsikdar/github-dashboards/toabh-casting-hub/backend/app.py", line 2973, in <module>
    def get_permissions():
  File "/Users/aineshsikdar/Library/Python/3.9/lib/python/site-packages/flask/sansio/scaffold.py", line 362, in decorator
    self.add_url_rule(rule, endpoint, f, **options)
  File "/Users/aineshsikdar/Library/Python/3.9/lib/python/site-packages/flask/sansio/scaffold.py", line 47, in wrapper_func
    return f(self, *args, **kwargs)
  File "/Users/aineshsikdar/Library/Python/3.9/lib/python/site-packages/flask/sansio/app.py", line 657, in add_url_rule
    raise AssertionError(
AssertionError: View function mapping is overwriting an existing endpoint function: get_permissions
Traceback (most recent call last):
  File "/Library/Developer/CommandLineTools/Library/Frameworks/Python3.framework/Versions/3.9/lib/python3.9/runpy.py", line 197, in _run_module_as_main
    return _run_code(code, main_globals, None,
  File "/Library/Developer/CommandLineTools/Library/Frameworks/Python3.framework/Versions/3.9/lib/python3.9/runpy.py", line 87, in _run_code
    exec(code, run_globals)
  File "/Users/aineshsikdar/Library/Python/3.9/lib/python/site-packages/flask/__main__.py", line 3, in <module>
    main()
  File "/Users/aineshsikdar/Library/Python/3.9/lib/python/site-packages/flask/cli.py", line 1131, in main
    cli.main()
  File "/Users/aineshsikdar/Library/Python/3.9/lib/python/site-packages/click/core.py", line 1082, in main
    rv = self.invoke(ctx)
  File "/Users/aineshsikdar/Library/Python/3.9/lib/python/site-packages/click/core.py", line 1697, in invoke
    return _process_result(sub_ctx.command.invoke(sub_ctx))
  File "/Users/aineshsikdar/Library/Python/3.9/lib/python/site-packages/click/core.py", line 1443, in invoke
    return ctx.invoke(self.callback, **ctx.params)
  File "/Users/aineshsikdar/Library/Python/3.9/lib/python/site-packages/click/core.py", line 788, in invoke
    return __callback(*args, **kwargs)
  File "/Users/aineshsikdar/Library/Python/3.9/lib/python/site-packages/click/decorators.py", line 92, in new_func
    return ctx.invoke(f, obj, *args, **kwargs)
  File "/Users/aineshsikdar/Library/Python/3.9/lib/python/site-packages/click/core.py", line 788, in invoke
    return __callback(*args, **kwargs)
  File "/Users/aineshsikdar/Library/Python/3.9/lib/python/site-packages/flask/cli.py", line 979, in run_command
    raise e from None
  File "/Users/aineshsikdar/Library/Python/3.9/lib/python/site-packages/flask/cli.py", line 963, in run_command
    app: WSGIApplication = info.load_app()  # pyright: ignore
  File "/Users/aineshsikdar/Library/Python/3.9/lib/python/site-packages/flask/cli.py", line 349, in load_app
    app = locate_app(import_name, name)
  File "/Users/aineshsikdar/Library/Python/3.9/lib/python/site-packages/flask/cli.py", line 245, in locate_app
    __import__(module_name)
  File "/Users/aineshsikdar/github-dashboards/toabh-casting-hub/api/index.py", line 12, in <module>
    from backend.app import app
  File "/Users/aineshsikdar/github-dashboards/toabh-casting-hub/backend/app.py", line 2973, in <module>
    def get_permissions():
  File "/Users/aineshsikdar/Library/Python/3.9/lib/python/site-packages/flask/sansio/scaffold.py", line 362, in decorator
    self.add_url_rule(rule, endpoint, f, **options)
  File "/Users/aineshsikdar/Library/Python/3.9/lib/python/site-packages/flask/sansio/scaffold.py", line 47, in wrapper_func
    return f(self, *args, **kwargs)
  File "/Users/aineshsikdar/Library/Python/3.9/lib/python/site-packages/flask/sansio/app.py", line 657, in add_url_rule
    raise AssertionError(
AssertionError: View function mapping is overwriting an existing endpoint function: get_permissions
Traceback (most recent call last):
  File "/Library/Developer/CommandLineTools/Library/Frameworks/Python3.framework/Versions/3.9/lib/python3.9/runpy.py", line 197, in _run_module_as_main
    return _run_code(code, main_globals, None,
  File "/Library/Developer/CommandLineTools/Library/Frameworks/Python3.framework/Versions/3.9/lib/python3.9/runpy.py", line 87, in _run_code
    exec(code, run_globals)
  File "/Users/aineshsikdar/Library/Python/3.9/lib/python/site-packages/flask/__main__.py", line 3, in <module>
    main()
  File "/Users/aineshsikdar/Library/Python/3.9/lib/python/site-packages/flask/cli.py", line 1131, in main
    cli.main()
  File "/Users/aineshsikdar/Library/Python/3.9/lib/python/site-packages/click/core.py", line 1082, in main
    rv = self.invoke(ctx)
  File "/Users/aineshsikdar/Library/Python/3.9/lib/python/site-packages/click/core.py", line 1697, in invoke
    return _process_result(sub_ctx.command.invoke(sub_ctx))
  File "/Users/aineshsikdar/Library/Python/3.9/lib/python/site-packages/click/core.py", line 1443, in invoke
    return ctx.invoke(self.callback, **ctx.params)
  File "/Users/aineshsikdar/Library/Python/3.9/lib/python/site-packages/click/core.py", line 788, in invoke
    return __callback(*args, **kwargs)
  File "/Users/aineshsikdar/Library/Python/3.9/lib/python/site-packages/click/decorators.py", line 92, in new_func
    return ctx.invoke(f, obj, *args, **kwargs)
  File "/Users/aineshsikdar/Library/Python/3.9/lib/python/site-packages/click/core.py", line 788, in invoke
    return __callback(*args, **kwargs)
  File "/Users/aineshsikdar/Library/Python/3.9/lib/python/site-packages/flask/cli.py", line 979, in run_command
    raise e from None
  File "/Users/aineshsikdar/Library/Python/3.9/lib/python/site-packages/flask/cli.py", line 963, in run_command
    app: WSGIApplication = info.load_app()  # pyright: ignore
  File "/Users/aineshsikdar/Library/Python/3.9/lib/python/site-packages/flask/cli.py", line 349, in load_app
    app = locate_app(import_name, name)
  File "/Users/aineshsikdar/Library/Python/3.9/lib/python/site-packages/flask/cli.py", line 245, in locate_app
    __import__(module_name)
  File "/Users/aineshsikdar/github-dashboards/toabh-casting-hub/api/index.py", line 12, in <module>
    from backend.app import app
  File "/Users/aineshsikdar/github-dashboards/toabh-casting-hub/backend/app.py", line 2973, in <module>
    def get_permissions():
  File "/Users/aineshsikdar/Library/Python/3.9/lib/python/site-packages/flask/sansio/scaffold.py", line 362, in decorator
    self.add_url_rule(rule, endpoint, f, **options)
  File "/Users/aineshsikdar/Library/Python/3.9/lib/python/site-packages/flask/sansio/scaffold.py", line 47, in wrapper_func
    return f(self, *args, **kwargs)
  File "/Users/aineshsikdar/Library/Python/3.9/lib/python/site-packages/flask/sansio/app.py", line 657, in add_url_rule
    raise AssertionError(
AssertionError: View function mapping is overwriting an existing endpoint function: get_permissions
Traceback (most recent call last):
  File "/Library/Developer/CommandLineTools/Library/Frameworks/Python3.framework/Versions/3.9/lib/python3.9/runpy.py", line 197, in _run_module_as_main
    return _run_code(code, main_globals, None,
  File "/Library/Developer/CommandLineTools/Library/Frameworks/Python3.framework/Versions/3.9/lib/python3.9/runpy.py", line 87, in _run_code
    exec(code, run_globals)
  File "/Users/aineshsikdar/Library/Python/3.9/lib/python/site-packages/flask/__main__.py", line 3, in <module>
    main()
  File "/Users/aineshsikdar/Library/Python/3.9/lib/python/site-packages/flask/cli.py", line 1131, in main
    cli.main()
  File "/Users/aineshsikdar/Library/Python/3.9/lib/python/site-packages/click/core.py", line 1082, in main
    rv = self.invoke(ctx)
  File "/Users/aineshsikdar/Library/Python/3.9/lib/python/site-packages/click/core.py", line 1697, in invoke
    return _process_result(sub_ctx.command.invoke(sub_ctx))
  File "/Users/aineshsikdar/Library/Python/3.9/lib/python/site-packages/click/core.py", line 1443, in invoke
    return ctx.invoke(self.callback, **ctx.params)
  File "/Users/aineshsikdar/Library/Python/3.9/lib/python/site-packages/click/core.py", line 788, in invoke
    return __callback(*args, **kwargs)
  File "/Users/aineshsikdar/Library/Python/3.9/lib/python/site-packages/click/decorators.py", line 92, in new_func
    return ctx.invoke(f, obj, *args, **kwargs)
  File "/Users/aineshsikdar/Library/Python/3.9/lib/python/site-packages/click/core.py", line 788, in invoke
    return __callback(*args, **kwargs)
  File "/Users/aineshsikdar/Library/Python/3.9/lib/python/site-packages/flask/cli.py", line 979, in run_command
    raise e from None
  File "/Users/aineshsikdar/Library/Python/3.9/lib/python/site-packages/flask/cli.py", line 963, in run_command
    app: WSGIApplication = info.load_app()  # pyright: ignore
  File "/Users/aineshsikdar/Library/Python/3.9/lib/python/site-packages/flask/cli.py", line 349, in load_app
    app = locate_app(import_name, name)
  File "/Users/aineshsikdar/Library/Python/3.9/lib/python/site-packages/flask/cli.py", line 245, in locate_app
    __import__(module_name)
  File "/Users/aineshsikdar/github-dashboards/toabh-casting-hub/api/index.py", line 12, in <module>
    from backend.app import app
  File "/Users/aineshsikdar/github-dashboards/toabh-casting-hub/backend/app.py", line 2973, in <module>
    def get_permissions():
  File "/Users/aineshsikdar/Library/Python/3.9/lib/python/site-packages/flask/sansio/scaffold.py", line 362, in decorator
    self.add_url_rule(rule, endpoint, f, **options)
  File "/Users/aineshsikdar/Library/Python/3.9/lib/python/site-packages/flask/sansio/scaffold.py", line 47, in wrapper_func
    return f(self, *args, **kwargs)
  File "/Users/aineshsikdar/Library/Python/3.9/lib/python/site-packages/flask/sansio/app.py", line 657, in add_url_rule
    raise AssertionError(
AssertionError: View function mapping is overwriting an existing endpoint function: get_permissions
Traceback (most recent call last):
  File "/Library/Developer/CommandLineTools/Library/Frameworks/Python3.framework/Versions/3.9/lib/python3.9/runpy.py", line 197, in _run_module_as_main
    return _run_code(code, main_globals, None,
  File "/Library/Developer/CommandLineTools/Library/Frameworks/Python3.framework/Versions/3.9/lib/python3.9/runpy.py", line 87, in _run_code
    exec(code, run_globals)
  File "/Users/aineshsikdar/Library/Python/3.9/lib/python/site-packages/flask/__main__.py", line 3, in <module>
    main()
  File "/Users/aineshsikdar/Library/Python/3.9/lib/python/site-packages/flask/cli.py", line 1131, in main
    cli.main()
  File "/Users/aineshsikdar/Library/Python/3.9/lib/python/site-packages/click/core.py", line 1082, in main
    rv = self.invoke(ctx)
  File "/Users/aineshsikdar/Library/Python/3.9/lib/python/site-packages/click/core.py", line 1697, in invoke
    return _process_result(sub_ctx.command.invoke(sub_ctx))
  File "/Users/aineshsikdar/Library/Python/3.9/lib/python/site-packages/click/core.py", line 1443, in invoke
    return ctx.invoke(self.callback, **ctx.params)
  File "/Users/aineshsikdar/Library/Python/3.9/lib/python/site-packages/click/core.py", line 788, in invoke
    return __callback(*args, **kwargs)
  File "/Users/aineshsikdar/Library/Python/3.9/lib/python/site-packages/click/decorators.py", line 92, in new_func
    return ctx.invoke(f, obj, *args, **kwargs)
  File "/Users/aineshsikdar/Library/Python/3.9/lib/python/site-packages/click/core.py", line 788, in invoke
    return __callback(*args, **kwargs)
  File "/Users/aineshsikdar/Library/Python/3.9/lib/python/site-packages/flask/cli.py", line 979, in run_command
    raise e from None
  File "/Users/aineshsikdar/Library/Python/3.9/lib/python/site-packages/flask/cli.py", line 963, in run_command
    app: WSGIApplication = info.load_app()  # pyright: ignore
  File "/Users/aineshsikdar/Library/Python/3.9/lib/python/site-packages/flask/cli.py", line 349, in load_app
    app = locate_app(import_name, name)
  File "/Users/aineshsikdar/Library/Python/3.9/lib/python/site-packages/flask/cli.py", line 245, in locate_app
    __import__(module_name)
  File "/Users/aineshsikdar/github-dashboards/toabh-casting-hub/api/index.py", line 12, in <module>
    from backend.app import app
  File "/Users/aineshsikdar/github-dashboards/toabh-casting-hub/backend/app.py", line 2973, in <module>
    def get_permissions():
  File "/Users/aineshsikdar/Library/Python/3.9/lib/python/site-packages/flask/sansio/scaffold.py", line 362, in decorator
    self.add_url_rule(rule, endpoint, f, **options)
  File "/Users/aineshsikdar/Library/Python/3.9/lib/python/site-packages/flask/sansio/scaffold.py", line 47, in wrapper_func
    return f(self, *args, **kwargs)
  File "/Users/aineshsikdar/Library/Python/3.9/lib/python/site-packages/flask/sansio/app.py", line 657, in add_url_rule
    raise AssertionError(
AssertionError: View function mapping is overwriting an existing endpoint function: get_permissions
Traceback (most recent call last):
  File "/Library/Developer/CommandLineTools/Library/Frameworks/Python3.framework/Versions/3.9/lib/python3.9/runpy.py", line 197, in _run_module_as_main
    return _run_code(code, main_globals, None,
  File "/Library/Developer/CommandLineTools/Library/Frameworks/Python3.framework/Versions/3.9/lib/python3.9/runpy.py", line 87, in _run_code
    exec(code, run_globals)
  File "/Users/aineshsikdar/Library/Python/3.9/lib/python/site-packages/flask/__main__.py", line 3, in <module>
    main()
  File "/Users/aineshsikdar/Library/Python/3.9/lib/python/site-packages/flask/cli.py", line 1131, in main
    cli.main()
  File "/Users/aineshsikdar/Library/Python/3.9/lib/python/site-packages/click/core.py", line 1082, in main
    rv = self.invoke(ctx)
  File "/Users/aineshsikdar/Library/Python/3.9/lib/python/site-packages/click/core.py", line 1697, in invoke
    return _process_result(sub_ctx.command.invoke(sub_ctx))
  File "/Users/aineshsikdar/Library/Python/3.9/lib/python/site-packages/click/core.py", line 1443, in invoke
    return ctx.invoke(self.callback, **ctx.params)
  File "/Users/aineshsikdar/Library/Python/3.9/lib/python/site-packages/click/core.py", line 788, in invoke
    return __callback(*args, **kwargs)
  File "/Users/aineshsikdar/Library/Python/3.9/lib/python/site-packages/click/decorators.py", line 92, in new_func
    return ctx.invoke(f, obj, *args, **kwargs)
  File "/Users/aineshsikdar/Library/Python/3.9/lib/python/site-packages/click/core.py", line 788, in invoke
    return __callback(*args, **kwargs)
  File "/Users/aineshsikdar/Library/Python/3.9/lib/python/site-packages/flask/cli.py", line 979, in run_command
    raise e from None
  File "/Users/aineshsikdar/Library/Python/3.9/lib/python/site-packages/flask/cli.py", line 963, in run_command
    app: WSGIApplication = info.load_app()  # pyright: ignore
  File "/Users/aineshsikdar/Library/Python/3.9/lib/python/site-packages/flask/cli.py", line 349, in load_app
    app = locate_app(import_name, name)
  File "/Users/aineshsikdar/Library/Python/3.9/lib/python/site-packages/flask/cli.py", line 245, in locate_app
    __import__(module_name)
  File "/Users/aineshsikdar/github-dashboards/toabh-casting-hub/api/index.py", line 12, in <module>
    from backend.app import app
  File "/Users/aineshsikdar/github-dashboards/toabh-casting-hub/backend/app.py", line 2973, in <module>
    def get_permissions():
  File "/Users/aineshsikdar/Library/Python/3.9/lib/python/site-packages/flask/sansio/scaffold.py", line 362, in decorator
    self.add_url_rule(rule, endpoint, f, **options)
  File "/Users/aineshsikdar/Library/Python/3.9/lib/python/site-packages/flask/sansio/scaffold.py", line 47, in wrapper_func
    return f(self, *args, **kwargs)
  File "/Users/aineshsikdar/Library/Python/3.9/lib/python/site-packages/flask/sansio/app.py", line 657, in add_url_rule
    raise AssertionError(
AssertionError: View function mapping is overwriting an existing endpoint function: get_permissions
Traceback (most recent call last):
  File "/Library/Developer/CommandLineTools/Library/Frameworks/Python3.framework/Versions/3.9/lib/python3.9/runpy.py", line 197, in _run_module_as_main
    return _run_code(code, main_globals, None,
  File "/Library/Developer/CommandLineTools/Library/Frameworks/Python3.framework/Versions/3.9/lib/python3.9/runpy.py", line 87, in _run_code
    exec(code, run_globals)
  File "/Users/aineshsikdar/Library/Python/3.9/lib/python/site-packages/flask/__main__.py", line 3, in <module>
    main()
  File "/Users/aineshsikdar/Library/Python/3.9/lib/python/site-packages/flask/cli.py", line 1131, in main
    cli.main()
  File "/Users/aineshsikdar/Library/Python/3.9/lib/python/site-packages/click/core.py", line 1082, in main
    rv = self.invoke(ctx)
  File "/Users/aineshsikdar/Library/Python/3.9/lib/python/site-packages/click/core.py", line 1697, in invoke
    return _process_result(sub_ctx.command.invoke(sub_ctx))
  File "/Users/aineshsikdar/Library/Python/3.9/lib/python/site-packages/click/core.py", line 1443, in invoke
    return ctx.invoke(self.callback, **ctx.params)
  File "/Users/aineshsikdar/Library/Python/3.9/lib/python/site-packages/click/core.py", line 788, in invoke
    return __callback(*args, **kwargs)
  File "/Users/aineshsikdar/Library/Python/3.9/lib/python/site-packages/click/decorators.py", line 92, in new_func
    return ctx.invoke(f, obj, *args, **kwargs)
  File "/Users/aineshsikdar/Library/Python/3.9/lib/python/site-packages/click/core.py", line 788, in invoke
    return __callback(*args, **kwargs)
  File "/Users/aineshsikdar/Library/Python/3.9/lib/python/site-packages/flask/cli.py", line 979, in run_command
    raise e from None
  File "/Users/aineshsikdar/Library/Python/3.9/lib/python/site-packages/flask/cli.py", line 963, in run_command
    app: WSGIApplication = info.load_app()  # pyright: ignore
  File "/Users/aineshsikdar/Library/Python/3.9/lib/python/site-packages/flask/cli.py", line 349, in load_app
    app = locate_app(import_name, name)
  File "/Users/aineshsikdar/Library/Python/3.9/lib/python/site-packages/flask/cli.py", line 245, in locate_app
    __import__(module_name)
  File "/Users/aineshsikdar/github-dashboards/toabh-casting-hub/api/index.py", line 12, in <module>
    from backend.app import app
  File "/Users/aineshsikdar/github-dashboards/toabh-casting-hub/backend/app.py", line 2973, in <module>
    def get_permissions():
  File "/Users/aineshsikdar/Library/Python/3.9/lib/python/site-packages/flask/sansio/scaffold.py", line 362, in decorator
    self.add_url_rule(rule, endpoint, f, **options)
  File "/Users/aineshsikdar/Library/Python/3.9/lib/python/site-packages/flask/sansio/scaffold.py", line 47, in wrapper_func
    return f(self, *args, **kwargs)
  File "/Users/aineshsikdar/Library/Python/3.9/lib/python/site-packages/flask/sansio/app.py", line 657, in add_url_rule
    raise AssertionError(
AssertionError: View function mapping is overwriting an existing endpoint function: get_permissions
Traceback (most recent call last):
  File "/Library/Developer/CommandLineTools/Library/Frameworks/Python3.framework/Versions/3.9/lib/python3.9/runpy.py", line 197, in _run_module_as_main
    return _run_code(code, main_globals, None,
  File "/Library/Developer/CommandLineTools/Library/Frameworks/Python3.framework/Versions/3.9/lib/python3.9/runpy.py", line 87, in _run_code
    exec(code, run_globals)
  File "/Users/aineshsikdar/Library/Python/3.9/lib/python/site-packages/flask/__main__.py", line 3, in <module>
    main()
  File "/Users/aineshsikdar/Library/Python/3.9/lib/python/site-packages/flask/cli.py", line 1131, in main
    cli.main()
  File "/Users/aineshsikdar/Library/Python/3.9/lib/python/site-packages/click/core.py", line 1082, in main
    rv = self.invoke(ctx)
  File "/Users/aineshsikdar/Library/Python/3.9/lib/python/site-packages/click/core.py", line 1697, in invoke
    return _process_result(sub_ctx.command.invoke(sub_ctx))
  File "/Users/aineshsikdar/Library/Python/3.9/lib/python/site-packages/click/core.py", line 1443, in invoke
    return ctx.invoke(self.callback, **ctx.params)
  File "/Users/aineshsikdar/Library/Python/3.9/lib/python/site-packages/click/core.py", line 788, in invoke
    return __callback(*args, **kwargs)
  File "/Users/aineshsikdar/Library/Python/3.9/lib/python/site-packages/click/decorators.py", line 92, in new_func
    return ctx.invoke(f, obj, *args, **kwargs)
  File "/Users/aineshsikdar/Library/Python/3.9/lib/python/site-packages/click/core.py", line 788, in invoke
    return __callback(*args, **kwargs)
  File "/Users/aineshsikdar/Library/Python/3.9/lib/python/site-packages/flask/cli.py", line 979, in run_command
    raise e from None
  File "/Users/aineshsikdar/Library/Python/3.9/lib/python/site-packages/flask/cli.py", line 963, in run_command
    app: WSGIApplication = info.load_app()  # pyright: ignore
  File "/Users/aineshsikdar/Library/Python/3.9/lib/python/site-packages/flask/cli.py", line 349, in load_app
    app = locate_app(import_name, name)
  File "/Users/aineshsikdar/Library/Python/3.9/lib/python/site-packages/flask/cli.py", line 245, in locate_app
    __import__(module_name)
  File "/Users/aineshsikdar/github-dashboards/toabh-casting-hub/api/index.py", line 12, in <module>
    from backend.app import app
  File "/Users/aineshsikdar/github-dashboards/toabh-casting-hub/backend/app.py", line 2973, in <module>
    def get_permissions():
  File "/Users/aineshsikdar/Library/Python/3.9/lib/python/site-packages/flask/sansio/scaffold.py", line 362, in decorator
    self.add_url_rule(rule, endpoint, f, **options)
  File "/Users/aineshsikdar/Library/Python/3.9/lib/python/site-packages/flask/sansio/scaffold.py", line 47, in wrapper_func
    return f(self, *args, **kwargs)
  File "/Users/aineshsikdar/Library/Python/3.9/lib/python/site-packages/flask/sansio/app.py", line 657, in add_url_rule
    raise AssertionError(
AssertionError: View function mapping is overwriting an existing endpoint function: get_permissions
Traceback (most recent call last):
  File "/Library/Developer/CommandLineTools/Library/Frameworks/Python3.framework/Versions/3.9/lib/python3.9/runpy.py", line 197, in _run_module_as_main
    return _run_code(code, main_globals, None,
  File "/Library/Developer/CommandLineTools/Library/Frameworks/Python3.framework/Versions/3.9/lib/python3.9/runpy.py", line 87, in _run_code
    exec(code, run_globals)
  File "/Users/aineshsikdar/Library/Python/3.9/lib/python/site-packages/flask/__main__.py", line 3, in <module>
    main()
  File "/Users/aineshsikdar/Library/Python/3.9/lib/python/site-packages/flask/cli.py", line 1131, in main
    cli.main()
  File "/Users/aineshsikdar/Library/Python/3.9/lib/python/site-packages/click/core.py", line 1082, in main
    rv = self.invoke(ctx)
  File "/Users/aineshsikdar/Library/Python/3.9/lib/python/site-packages/click/core.py", line 1697, in invoke
    return _process_result(sub_ctx.command.invoke(sub_ctx))
  File "/Users/aineshsikdar/Library/Python/3.9/lib/python/site-packages/click/core.py", line 1443, in invoke
    return ctx.invoke(self.callback, **ctx.params)
  File "/Users/aineshsikdar/Library/Python/3.9/lib/python/site-packages/click/core.py", line 788, in invoke
    return __callback(*args, **kwargs)
  File "/Users/aineshsikdar/Library/Python/3.9/lib/python/site-packages/click/decorators.py", line 92, in new_func
    return ctx.invoke(f, obj, *args, **kwargs)
  File "/Users/aineshsikdar/Library/Python/3.9/lib/python/site-packages/click/core.py", line 788, in invoke
    return __callback(*args, **kwargs)
  File "/Users/aineshsikdar/Library/Python/3.9/lib/python/site-packages/flask/cli.py", line 979, in run_command
    raise e from None
  File "/Users/aineshsikdar/Library/Python/3.9/lib/python/site-packages/flask/cli.py", line 963, in run_command
    app: WSGIApplication = info.load_app()  # pyright: ignore
  File "/Users/aineshsikdar/Library/Python/3.9/lib/python/site-packages/flask/cli.py", line 349, in load_app
    app = locate_app(import_name, name)
  File "/Users/aineshsikdar/Library/Python/3.9/lib/python/site-packages/flask/cli.py", line 245, in locate_app
    __import__(module_name)
  File "/Users/aineshsikdar/github-dashboards/toabh-casting-hub/api/index.py", line 12, in <module>
    from backend.app import app
  File "/Users/aineshsikdar/github-dashboards/toabh-casting-hub/backend/app.py", line 2973, in <module>
    def get_permissions():
  File "/Users/aineshsikdar/Library/Python/3.9/lib/python/site-packages/flask/sansio/scaffold.py", line 362, in decorator
    self.add_url_rule(rule, endpoint, f, **options)
  File "/Users/aineshsikdar/Library/Python/3.9/lib/python/site-packages/flask/sansio/scaffold.py", line 47, in wrapper_func
    return f(self, *args, **kwargs)
  File "/Users/aineshsikdar/Library/Python/3.9/lib/python/site-packages/flask/sansio/app.py", line 657, in add_url_rule
    raise AssertionError(
AssertionError: View function mapping is overwriting an existing endpoint function: get_permissions
Traceback (most recent call last):
  File "/Library/Developer/CommandLineTools/Library/Frameworks/Python3.framework/Versions/3.9/lib/python3.9/runpy.py", line 197, in _run_module_as_main
    return _run_code(code, main_globals, None,
  File "/Library/Developer/CommandLineTools/Library/Frameworks/Python3.framework/Versions/3.9/lib/python3.9/runpy.py", line 87, in _run_code
    exec(code, run_globals)
  File "/Users/aineshsikdar/Library/Python/3.9/lib/python/site-packages/flask/__main__.py", line 3, in <module>
    main()
  File "/Users/aineshsikdar/Library/Python/3.9/lib/python/site-packages/flask/cli.py", line 1131, in main
    cli.main()
  File "/Users/aineshsikdar/Library/Python/3.9/lib/python/site-packages/click/core.py", line 1082, in main
    rv = self.invoke(ctx)
  File "/Users/aineshsikdar/Library/Python/3.9/lib/python/site-packages/click/core.py", line 1697, in invoke
    return _process_result(sub_ctx.command.invoke(sub_ctx))
  File "/Users/aineshsikdar/Library/Python/3.9/lib/python/site-packages/click/core.py", line 1443, in invoke
    return ctx.invoke(self.callback, **ctx.params)
  File "/Users/aineshsikdar/Library/Python/3.9/lib/python/site-packages/click/core.py", line 788, in invoke
    return __callback(*args, **kwargs)
  File "/Users/aineshsikdar/Library/Python/3.9/lib/python/site-packages/click/decorators.py", line 92, in new_func
    return ctx.invoke(f, obj, *args, **kwargs)
  File "/Users/aineshsikdar/Library/Python/3.9/lib/python/site-packages/click/core.py", line 788, in invoke
    return __callback(*args, **kwargs)
  File "/Users/aineshsikdar/Library/Python/3.9/lib/python/site-packages/flask/cli.py", line 979, in run_command
    raise e from None
  File "/Users/aineshsikdar/Library/Python/3.9/lib/python/site-packages/flask/cli.py", line 963, in run_command
    app: WSGIApplication = info.load_app()  # pyright: ignore
  File "/Users/aineshsikdar/Library/Python/3.9/lib/python/site-packages/flask/cli.py", line 349, in load_app
    app = locate_app(import_name, name)
  File "/Users/aineshsikdar/Library/Python/3.9/lib/python/site-packages/flask/cli.py", line 245, in locate_app
    __import__(module_name)
  File "/Users/aineshsikdar/github-dashboards/toabh-casting-hub/api/index.py", line 12, in <module>
    from backend.app import app
  File "/Users/aineshsikdar/github-dashboards/toabh-casting-hub/backend/app.py", line 2973, in <module>
    def get_permissions():
  File "/Users/aineshsikdar/Library/Python/3.9/lib/python/site-packages/flask/sansio/scaffold.py", line 362, in decorator
    self.add_url_rule(rule, endpoint, f, **options)
  File "/Users/aineshsikdar/Library/Python/3.9/lib/python/site-packages/flask/sansio/scaffold.py", line 47, in wrapper_func
    return f(self, *args, **kwargs)
  File "/Users/aineshsikdar/Library/Python/3.9/lib/python/site-packages/flask/sansio/app.py", line 657, in add_url_rule
    raise AssertionError(
AssertionError: View function mapping is overwriting an existing endpoint function: get_permissions
/bin/bash: /Users/aineshsikdar/github-dashboards/toabh-casting-hub/run_flask.sh: No such file or directory
/bin/bash: /Users/aineshsikdar/github-dashboards/toabh-casting-hub/run_flask.sh: No such file or directory
/bin/bash: /Users/aineshsikdar/github-dashboards/toabh-casting-hub/run_flask.sh: No such file or directory
/bin/bash: /Users/aineshsikdar/github-dashboards/toabh-casting-hub/run_flask.sh: No such file or directory
/bin/bash: /Users/aineshsikdar/github-dashboards/toabh-casting-hub/run_flask.sh: No such file or directory
/bin/bash: /Users/aineshsikdar/github-dashboards/toabh-casting-hub/run_flask.sh: No such file or directory
/bin/bash: /Users/aineshsikdar/github-dashboards/toabh-casting-hub/run_flask.sh: No such file or directory
/bin/bash: /Users/aineshsikdar/github-dashboards/toabh-casting-hub/run_flask.sh: No such file or directory
/bin/bash: /Users/aineshsikdar/github-dashboards/toabh-casting-hub/run_flask.sh: No such file or directory
/bin/bash: /Users/aineshsikdar/github-dashboards/toabh-casting-hub/run_flask.sh: No such file or directory
/bin/bash: /Users/aineshsikdar/github-dashboards/toabh-casting-hub/run_flask.sh: No such file or directory
Traceback (most recent call last):
  File "/Library/Developer/CommandLineTools/Library/Frameworks/Python3.framework/Versions/3.9/lib/python3.9/runpy.py", line 197, in _run_module_as_main
    return _run_code(code, main_globals, None,
  File "/Library/Developer/CommandLineTools/Library/Frameworks/Python3.framework/Versions/3.9/lib/python3.9/runpy.py", line 87, in _run_code
    exec(code, run_globals)
  File "/Users/aineshsikdar/Library/Python/3.9/lib/python/site-packages/flask/__main__.py", line 3, in <module>
    main()
  File "/Users/aineshsikdar/Library/Python/3.9/lib/python/site-packages/flask/cli.py", line 1131, in main
    cli.main()
  File "/Users/aineshsikdar/Library/Python/3.9/lib/python/site-packages/click/core.py", line 1082, in main
    rv = self.invoke(ctx)
  File "/Users/aineshsikdar/Library/Python/3.9/lib/python/site-packages/click/core.py", line 1697, in invoke
    return _process_result(sub_ctx.command.invoke(sub_ctx))
  File "/Users/aineshsikdar/Library/Python/3.9/lib/python/site-packages/click/core.py", line 1443, in invoke
    return ctx.invoke(self.callback, **ctx.params)
  File "/Users/aineshsikdar/Library/Python/3.9/lib/python/site-packages/click/core.py", line 788, in invoke
    return __callback(*args, **kwargs)
  File "/Users/aineshsikdar/Library/Python/3.9/lib/python/site-packages/click/decorators.py", line 92, in new_func
    return ctx.invoke(f, obj, *args, **kwargs)
  File "/Users/aineshsikdar/Library/Python/3.9/lib/python/site-packages/click/core.py", line 788, in invoke
    return __callback(*args, **kwargs)
  File "/Users/aineshsikdar/Library/Python/3.9/lib/python/site-packages/flask/cli.py", line 979, in run_command
    raise e from None
  File "/Users/aineshsikdar/Library/Python/3.9/lib/python/site-packages/flask/cli.py", line 963, in run_command
    app: WSGIApplication = info.load_app()  # pyright: ignore
  File "/Users/aineshsikdar/Library/Python/3.9/lib/python/site-packages/flask/cli.py", line 349, in load_app
    app = locate_app(import_name, name)
  File "/Users/aineshsikdar/Library/Python/3.9/lib/python/site-packages/flask/cli.py", line 245, in locate_app
    __import__(module_name)
  File "/Users/aineshsikdar/github-dashboards/toabh-casting-hub/api/index.py", line 12, in <module>
    from backend.app import app
  File "/Users/aineshsikdar/github-dashboards/toabh-casting-hub/backend/app.py", line 2973, in <module>
    def get_audit_log():
  File "/Users/aineshsikdar/Library/Python/3.9/lib/python/site-packages/flask/sansio/scaffold.py", line 362, in decorator
    self.add_url_rule(rule, endpoint, f, **options)
  File "/Users/aineshsikdar/Library/Python/3.9/lib/python/site-packages/flask/sansio/scaffold.py", line 47, in wrapper_func
    return f(self, *args, **kwargs)
  File "/Users/aineshsikdar/Library/Python/3.9/lib/python/site-packages/flask/sansio/app.py", line 657, in add_url_rule
    raise AssertionError(
AssertionError: View function mapping is overwriting an existing endpoint function: get_audit_log
Traceback (most recent call last):
  File "/Library/Developer/CommandLineTools/Library/Frameworks/Python3.framework/Versions/3.9/lib/python3.9/runpy.py", line 197, in _run_module_as_main
    return _run_code(code, main_globals, None,
  File "/Library/Developer/CommandLineTools/Library/Frameworks/Python3.framework/Versions/3.9/lib/python3.9/runpy.py", line 87, in _run_code
    exec(code, run_globals)
  File "/Users/aineshsikdar/Library/Python/3.9/lib/python/site-packages/flask/__main__.py", line 3, in <module>
    main()
  File "/Users/aineshsikdar/Library/Python/3.9/lib/python/site-packages/flask/cli.py", line 1131, in main
    cli.main()
  File "/Users/aineshsikdar/Library/Python/3.9/lib/python/site-packages/click/core.py", line 1082, in main
    rv = self.invoke(ctx)
  File "/Users/aineshsikdar/Library/Python/3.9/lib/python/site-packages/click/core.py", line 1697, in invoke
    return _process_result(sub_ctx.command.invoke(sub_ctx))
  File "/Users/aineshsikdar/Library/Python/3.9/lib/python/site-packages/click/core.py", line 1443, in invoke
    return ctx.invoke(self.callback, **ctx.params)
  File "/Users/aineshsikdar/Library/Python/3.9/lib/python/site-packages/click/core.py", line 788, in invoke
    return __callback(*args, **kwargs)
  File "/Users/aineshsikdar/Library/Python/3.9/lib/python/site-packages/click/decorators.py", line 92, in new_func
    return ctx.invoke(f, obj, *args, **kwargs)
  File "/Users/aineshsikdar/Library/Python/3.9/lib/python/site-packages/click/core.py", line 788, in invoke
    return __callback(*args, **kwargs)
  File "/Users/aineshsikdar/Library/Python/3.9/lib/python/site-packages/flask/cli.py", line 979, in run_command
    raise e from None
  File "/Users/aineshsikdar/Library/Python/3.9/lib/python/site-packages/flask/cli.py", line 963, in run_command
    app: WSGIApplication = info.load_app()  # pyright: ignore
  File "/Users/aineshsikdar/Library/Python/3.9/lib/python/site-packages/flask/cli.py", line 349, in load_app
    app = locate_app(import_name, name)
  File "/Users/aineshsikdar/Library/Python/3.9/lib/python/site-packages/flask/cli.py", line 245, in locate_app
    __import__(module_name)
  File "/Users/aineshsikdar/github-dashboards/toabh-casting-hub/api/index.py", line 12, in <module>
    from backend.app import app
  File "/Users/aineshsikdar/github-dashboards/toabh-casting-hub/backend/app.py", line 2973, in <module>
    def get_audit_log():
  File "/Users/aineshsikdar/Library/Python/3.9/lib/python/site-packages/flask/sansio/scaffold.py", line 362, in decorator
    self.add_url_rule(rule, endpoint, f, **options)
  File "/Users/aineshsikdar/Library/Python/3.9/lib/python/site-packages/flask/sansio/scaffold.py", line 47, in wrapper_func
    return f(self, *args, **kwargs)
  File "/Users/aineshsikdar/Library/Python/3.9/lib/python/site-packages/flask/sansio/app.py", line 657, in add_url_rule
    raise AssertionError(
AssertionError: View function mapping is overwriting an existing endpoint function: get_audit_log
Traceback (most recent call last):
  File "/Library/Developer/CommandLineTools/Library/Frameworks/Python3.framework/Versions/3.9/lib/python3.9/runpy.py", line 197, in _run_module_as_main
    return _run_code(code, main_globals, None,
  File "/Library/Developer/CommandLineTools/Library/Frameworks/Python3.framework/Versions/3.9/lib/python3.9/runpy.py", line 87, in _run_code
    exec(code, run_globals)
  File "/Users/aineshsikdar/Library/Python/3.9/lib/python/site-packages/flask/__main__.py", line 3, in <module>
    main()
  File "/Users/aineshsikdar/Library/Python/3.9/lib/python/site-packages/flask/cli.py", line 1131, in main
    cli.main()
  File "/Users/aineshsikdar/Library/Python/3.9/lib/python/site-packages/click/core.py", line 1082, in main
    rv = self.invoke(ctx)
  File "/Users/aineshsikdar/Library/Python/3.9/lib/python/site-packages/click/core.py", line 1697, in invoke
    return _process_result(sub_ctx.command.invoke(sub_ctx))
  File "/Users/aineshsikdar/Library/Python/3.9/lib/python/site-packages/click/core.py", line 1443, in invoke
    return ctx.invoke(self.callback, **ctx.params)
  File "/Users/aineshsikdar/Library/Python/3.9/lib/python/site-packages/click/core.py", line 788, in invoke
    return __callback(*args, **kwargs)
  File "/Users/aineshsikdar/Library/Python/3.9/lib/python/site-packages/click/decorators.py", line 92, in new_func
    return ctx.invoke(f, obj, *args, **kwargs)
  File "/Users/aineshsikdar/Library/Python/3.9/lib/python/site-packages/click/core.py", line 788, in invoke
    return __callback(*args, **kwargs)
  File "/Users/aineshsikdar/Library/Python/3.9/lib/python/site-packages/flask/cli.py", line 979, in run_command
    raise e from None
  File "/Users/aineshsikdar/Library/Python/3.9/lib/python/site-packages/flask/cli.py", line 963, in run_command
    app: WSGIApplication = info.load_app()  # pyright: ignore
  File "/Users/aineshsikdar/Library/Python/3.9/lib/python/site-packages/flask/cli.py", line 349, in load_app
    app = locate_app(import_name, name)
  File "/Users/aineshsikdar/Library/Python/3.9/lib/python/site-packages/flask/cli.py", line 245, in locate_app
    __import__(module_name)
  File "/Users/aineshsikdar/github-dashboards/toabh-casting-hub/api/index.py", line 12, in <module>
    from backend.app import app
  File "/Users/aineshsikdar/github-dashboards/toabh-casting-hub/backend/app.py", line 2973, in <module>
    def get_audit_log():
  File "/Users/aineshsikdar/Library/Python/3.9/lib/python/site-packages/flask/sansio/scaffold.py", line 362, in decorator
    self.add_url_rule(rule, endpoint, f, **options)
  File "/Users/aineshsikdar/Library/Python/3.9/lib/python/site-packages/flask/sansio/scaffold.py", line 47, in wrapper_func
    return f(self, *args, **kwargs)
  File "/Users/aineshsikdar/Library/Python/3.9/lib/python/site-packages/flask/sansio/app.py", line 657, in add_url_rule
    raise AssertionError(
AssertionError: View function mapping is overwriting an existing endpoint function: get_audit_log
Traceback (most recent call last):
  File "/Library/Developer/CommandLineTools/Library/Frameworks/Python3.framework/Versions/3.9/lib/python3.9/runpy.py", line 197, in _run_module_as_main
    return _run_code(code, main_globals, None,
  File "/Library/Developer/CommandLineTools/Library/Frameworks/Python3.framework/Versions/3.9/lib/python3.9/runpy.py", line 87, in _run_code
    exec(code, run_globals)
  File "/Users/aineshsikdar/Library/Python/3.9/lib/python/site-packages/flask/__main__.py", line 3, in <module>
    main()
  File "/Users/aineshsikdar/Library/Python/3.9/lib/python/site-packages/flask/cli.py", line 1131, in main
    cli.main()
  File "/Users/aineshsikdar/Library/Python/3.9/lib/python/site-packages/click/core.py", line 1082, in main
    rv = self.invoke(ctx)
  File "/Users/aineshsikdar/Library/Python/3.9/lib/python/site-packages/click/core.py", line 1697, in invoke
    return _process_result(sub_ctx.command.invoke(sub_ctx))
  File "/Users/aineshsikdar/Library/Python/3.9/lib/python/site-packages/click/core.py", line 1443, in invoke
    return ctx.invoke(self.callback, **ctx.params)
  File "/Users/aineshsikdar/Library/Python/3.9/lib/python/site-packages/click/core.py", line 788, in invoke
    return __callback(*args, **kwargs)
  File "/Users/aineshsikdar/Library/Python/3.9/lib/python/site-packages/click/decorators.py", line 92, in new_func
    return ctx.invoke(f, obj, *args, **kwargs)
  File "/Users/aineshsikdar/Library/Python/3.9/lib/python/site-packages/click/core.py", line 788, in invoke
    return __callback(*args, **kwargs)
  File "/Users/aineshsikdar/Library/Python/3.9/lib/python/site-packages/flask/cli.py", line 979, in run_command
    raise e from None
  File "/Users/aineshsikdar/Library/Python/3.9/lib/python/site-packages/flask/cli.py", line 963, in run_command
    app: WSGIApplication = info.load_app()  # pyright: ignore
  File "/Users/aineshsikdar/Library/Python/3.9/lib/python/site-packages/flask/cli.py", line 349, in load_app
    app = locate_app(import_name, name)
  File "/Users/aineshsikdar/Library/Python/3.9/lib/python/site-packages/flask/cli.py", line 245, in locate_app
    __import__(module_name)
  File "/Users/aineshsikdar/github-dashboards/toabh-casting-hub/api/index.py", line 12, in <module>
    from backend.app import app
  File "/Users/aineshsikdar/github-dashboards/toabh-casting-hub/backend/app.py", line 2973, in <module>
    def get_audit_log():
  File "/Users/aineshsikdar/Library/Python/3.9/lib/python/site-packages/flask/sansio/scaffold.py", line 362, in decorator
    self.add_url_rule(rule, endpoint, f, **options)
  File "/Users/aineshsikdar/Library/Python/3.9/lib/python/site-packages/flask/sansio/scaffold.py", line 47, in wrapper_func
    return f(self, *args, **kwargs)
  File "/Users/aineshsikdar/Library/Python/3.9/lib/python/site-packages/flask/sansio/app.py", line 657, in add_url_rule
    raise AssertionError(
AssertionError: View function mapping is overwriting an existing endpoint function: get_audit_log
Traceback (most recent call last):
  File "/Library/Developer/CommandLineTools/Library/Frameworks/Python3.framework/Versions/3.9/lib/python3.9/runpy.py", line 197, in _run_module_as_main
    return _run_code(code, main_globals, None,
  File "/Library/Developer/CommandLineTools/Library/Frameworks/Python3.framework/Versions/3.9/lib/python3.9/runpy.py", line 87, in _run_code
    exec(code, run_globals)
  File "/Users/aineshsikdar/Library/Python/3.9/lib/python/site-packages/flask/__main__.py", line 3, in <module>
    main()
  File "/Users/aineshsikdar/Library/Python/3.9/lib/python/site-packages/flask/cli.py", line 1131, in main
    cli.main()
  File "/Users/aineshsikdar/Library/Python/3.9/lib/python/site-packages/click/core.py", line 1082, in main
    rv = self.invoke(ctx)
  File "/Users/aineshsikdar/Library/Python/3.9/lib/python/site-packages/click/core.py", line 1697, in invoke
    return _process_result(sub_ctx.command.invoke(sub_ctx))
  File "/Users/aineshsikdar/Library/Python/3.9/lib/python/site-packages/click/core.py", line 1443, in invoke
    return ctx.invoke(self.callback, **ctx.params)
  File "/Users/aineshsikdar/Library/Python/3.9/lib/python/site-packages/click/core.py", line 788, in invoke
    return __callback(*args, **kwargs)
  File "/Users/aineshsikdar/Library/Python/3.9/lib/python/site-packages/click/decorators.py", line 92, in new_func
    return ctx.invoke(f, obj, *args, **kwargs)
  File "/Users/aineshsikdar/Library/Python/3.9/lib/python/site-packages/click/core.py", line 788, in invoke
    return __callback(*args, **kwargs)
  File "/Users/aineshsikdar/Library/Python/3.9/lib/python/site-packages/flask/cli.py", line 979, in run_command
    raise e from None
  File "/Users/aineshsikdar/Library/Python/3.9/lib/python/site-packages/flask/cli.py", line 963, in run_command
    app: WSGIApplication = info.load_app()  # pyright: ignore
  File "/Users/aineshsikdar/Library/Python/3.9/lib/python/site-packages/flask/cli.py", line 349, in load_app
    app = locate_app(import_name, name)
  File "/Users/aineshsikdar/Library/Python/3.9/lib/python/site-packages/flask/cli.py", line 245, in locate_app
    __import__(module_name)
  File "/Users/aineshsikdar/github-dashboards/toabh-casting-hub/api/index.py", line 12, in <module>
    from backend.app import app
  File "/Users/aineshsikdar/github-dashboards/toabh-casting-hub/backend/app.py", line 2973, in <module>
    def get_audit_log():
  File "/Users/aineshsikdar/Library/Python/3.9/lib/python/site-packages/flask/sansio/scaffold.py", line 362, in decorator
    self.add_url_rule(rule, endpoint, f, **options)
  File "/Users/aineshsikdar/Library/Python/3.9/lib/python/site-packages/flask/sansio/scaffold.py", line 47, in wrapper_func
    return f(self, *args, **kwargs)
  File "/Users/aineshsikdar/Library/Python/3.9/lib/python/site-packages/flask/sansio/app.py", line 657, in add_url_rule
    raise AssertionError(
AssertionError: View function mapping is overwriting an existing endpoint function: get_audit_log
Traceback (most recent call last):
  File "/Library/Developer/CommandLineTools/Library/Frameworks/Python3.framework/Versions/3.9/lib/python3.9/runpy.py", line 197, in _run_module_as_main
    return _run_code(code, main_globals, None,
  File "/Library/Developer/CommandLineTools/Library/Frameworks/Python3.framework/Versions/3.9/lib/python3.9/runpy.py", line 87, in _run_code
    exec(code, run_globals)
  File "/Users/aineshsikdar/Library/Python/3.9/lib/python/site-packages/flask/__main__.py", line 3, in <module>
    main()
  File "/Users/aineshsikdar/Library/Python/3.9/lib/python/site-packages/flask/cli.py", line 1131, in main
    cli.main()
  File "/Users/aineshsikdar/Library/Python/3.9/lib/python/site-packages/click/core.py", line 1082, in main
    rv = self.invoke(ctx)
  File "/Users/aineshsikdar/Library/Python/3.9/lib/python/site-packages/click/core.py", line 1697, in invoke
    return _process_result(sub_ctx.command.invoke(sub_ctx))
  File "/Users/aineshsikdar/Library/Python/3.9/lib/python/site-packages/click/core.py", line 1443, in invoke
    return ctx.invoke(self.callback, **ctx.params)
  File "/Users/aineshsikdar/Library/Python/3.9/lib/python/site-packages/click/core.py", line 788, in invoke
    return __callback(*args, **kwargs)
  File "/Users/aineshsikdar/Library/Python/3.9/lib/python/site-packages/click/decorators.py", line 92, in new_func
    return ctx.invoke(f, obj, *args, **kwargs)
  File "/Users/aineshsikdar/Library/Python/3.9/lib/python/site-packages/click/core.py", line 788, in invoke
    return __callback(*args, **kwargs)
  File "/Users/aineshsikdar/Library/Python/3.9/lib/python/site-packages/flask/cli.py", line 979, in run_command
    raise e from None
  File "/Users/aineshsikdar/Library/Python/3.9/lib/python/site-packages/flask/cli.py", line 963, in run_command
    app: WSGIApplication = info.load_app()  # pyright: ignore
  File "/Users/aineshsikdar/Library/Python/3.9/lib/python/site-packages/flask/cli.py", line 349, in load_app
    app = locate_app(import_name, name)
  File "/Users/aineshsikdar/Library/Python/3.9/lib/python/site-packages/flask/cli.py", line 245, in locate_app
    __import__(module_name)
  File "/Users/aineshsikdar/github-dashboards/toabh-casting-hub/api/index.py", line 12, in <module>
    from backend.app import app
  File "/Users/aineshsikdar/github-dashboards/toabh-casting-hub/backend/app.py", line 2973, in <module>
    def get_audit_log():
  File "/Users/aineshsikdar/Library/Python/3.9/lib/python/site-packages/flask/sansio/scaffold.py", line 362, in decorator
    self.add_url_rule(rule, endpoint, f, **options)
  File "/Users/aineshsikdar/Library/Python/3.9/lib/python/site-packages/flask/sansio/scaffold.py", line 47, in wrapper_func
    return f(self, *args, **kwargs)
  File "/Users/aineshsikdar/Library/Python/3.9/lib/python/site-packages/flask/sansio/app.py", line 657, in add_url_rule
    raise AssertionError(
AssertionError: View function mapping is overwriting an existing endpoint function: get_audit_log
[31m[1mWARNING: This is a development server. Do not use it in a production deployment. Use a production WSGI server instead.[0m
 * Running on all addresses (0.0.0.0)
 * Running on http://127.0.0.1:5000
 * Running on http://192.168.68.58:5000
[33mPress CTRL+C to quit[0m
[31m[1mWARNING: This is a development server. Do not use it in a production deployment. Use a production WSGI server instead.[0m
 * Running on all addresses (0.0.0.0)
 * Running on http://127.0.0.1:5000
 * Running on http://192.168.68.58:5000
[33mPress CTRL+C to quit[0m
127.0.0.1 - - [06/Apr/2026 23:30:48] "GET /api/health HTTP/1.1" 200 -
127.0.0.1 - - [06/Apr/2026 23:31:38] "[36mGET / HTTP/1.1[0m" 304 -
